[13-Jun-2018 12:56:16 UTC] PHP Warning:  PHP Startup: Unable to load dynamic library 'php_imagick.dll' (tried: ext\php_imagick.dll (Не найден указанный модуль.), ext\php_php_imagick.dll.dll (Не найден указанный модуль.)) in Unknown on line 0
[13-Jun-2018 12:56:16 UTC] PHP Warning:  PHP Startup: Unable to load dynamic library 'php_oci8_12c.dll' (tried: ext\php_oci8_12c.dll (Не найден указанный модуль.), ext\php_php_oci8_12c.dll.dll (Не найден указанный модуль.)) in Unknown on line 0
[13-Jun-2018 12:56:16 UTC] PHP Warning:  PHP Startup: Unable to load dynamic library 'php_pdflib.dll' (tried: ext\php_pdflib.dll (Не найден указанный модуль.), ext\php_php_pdflib.dll.dll (Не найден указанный модуль.)) in Unknown on line 0
[13-Jun-2018 12:56:16 UTC] PHP Warning:  PHP Startup: Unable to load dynamic library 'php_pdo_oci.dll' (tried: ext\php_pdo_oci.dll (Не найден указанный модуль.), ext\php_php_pdo_oci.dll.dll (Не найден указанный модуль.)) in Unknown on line 0
[13-Jun-2018 12:56:16 UTC] PHP Warning:  PHP Startup: Unable to load dynamic library 'php_wincache.dll' (tried: ext\php_wincache.dll (Не найден указанный модуль.), ext\php_php_wincache.dll.dll (Не найден указанный модуль.)) in Unknown on line 0
[13-Jun-2018 12:57:48 UTC] PHP Warning:  PHP Startup: Unable to load dynamic library 'php_imagick.dll' (tried: ext\php_imagick.dll (Не найден указанный модуль.), ext\php_php_imagick.dll.dll (Не найден указанный модуль.)) in Unknown on line 0
[13-Jun-2018 12:57:48 UTC] PHP Warning:  PHP Startup: Unable to load dynamic library 'php_oci8_12c.dll' (tried: ext\php_oci8_12c.dll (Не найден указанный модуль.), ext\php_php_oci8_12c.dll.dll (Не найден указанный модуль.)) in Unknown on line 0
[13-Jun-2018 12:57:48 UTC] PHP Warning:  PHP Startup: Unable to load dynamic library 'php_pdflib.dll' (tried: ext\php_pdflib.dll (Не найден указанный модуль.), ext\php_php_pdflib.dll.dll (Не найден указанный модуль.)) in Unknown on line 0
[13-Jun-2018 12:57:48 UTC] PHP Warning:  PHP Startup: Unable to load dynamic library 'php_pdo_oci.dll' (tried: ext\php_pdo_oci.dll (Не найден указанный модуль.), ext\php_php_pdo_oci.dll.dll (Не найден указанный модуль.)) in Unknown on line 0
[13-Jun-2018 12:57:48 UTC] PHP Warning:  PHP Startup: Unable to load dynamic library 'php_wincache.dll' (tried: ext\php_wincache.dll (Не найден указанный модуль.), ext\php_php_wincache.dll.dll (Не найден указанный модуль.)) in Unknown on line 0
[13-Jun-2018 12:57:50 UTC] PHP Warning:  PHP Startup: Unable to load dynamic library 'php_imagick.dll' (tried: ext\php_imagick.dll (Не найден указанный модуль.), ext\php_php_imagick.dll.dll (Не найден указанный модуль.)) in Unknown on line 0
[13-Jun-2018 12:57:50 UTC] PHP Warning:  PHP Startup: Unable to load dynamic library 'php_oci8_12c.dll' (tried: ext\php_oci8_12c.dll (Не найден указанный модуль.), ext\php_php_oci8_12c.dll.dll (Не найден указанный модуль.)) in Unknown on line 0
[13-Jun-2018 12:57:50 UTC] PHP Warning:  PHP Startup: Unable to load dynamic library 'php_pdflib.dll' (tried: ext\php_pdflib.dll (Не найден указанный модуль.), ext\php_php_pdflib.dll.dll (Не найден указанный модуль.)) in Unknown on line 0
[13-Jun-2018 12:57:50 UTC] PHP Warning:  PHP Startup: Unable to load dynamic library 'php_pdo_oci.dll' (tried: ext\php_pdo_oci.dll (Не найден указанный модуль.), ext\php_php_pdo_oci.dll.dll (Не найден указанный модуль.)) in Unknown on line 0
[13-Jun-2018 12:57:50 UTC] PHP Warning:  PHP Startup: Unable to load dynamic library 'php_wincache.dll' (tried: ext\php_wincache.dll (Не найден указанный модуль.), ext\php_php_wincache.dll.dll (Не найден указанный модуль.)) in Unknown on line 0
[13-Jun-2018 13:16:03 UTC] PHP Warning:  PHP Startup: Unable to load dynamic library 'php_imagick.dll' (tried: ext\php_imagick.dll (Не найден указанный модуль.), ext\php_php_imagick.dll.dll (Не найден указанный модуль.)) in Unknown on line 0
[13-Jun-2018 13:16:03 UTC] PHP Warning:  PHP Startup: Unable to load dynamic library 'php_oci8_12c.dll' (tried: ext\php_oci8_12c.dll (Не найден указанный модуль.), ext\php_php_oci8_12c.dll.dll (Не найден указанный модуль.)) in Unknown on line 0
[13-Jun-2018 13:16:03 UTC] PHP Warning:  PHP Startup: Unable to load dynamic library 'php_pdflib.dll' (tried: ext\php_pdflib.dll (Не найден указанный модуль.), ext\php_php_pdflib.dll.dll (Не найден указанный модуль.)) in Unknown on line 0
[13-Jun-2018 13:16:03 UTC] PHP Warning:  PHP Startup: Unable to load dynamic library 'php_pdo_oci.dll' (tried: ext\php_pdo_oci.dll (Не найден указанный модуль.), ext\php_php_pdo_oci.dll.dll (Не найден указанный модуль.)) in Unknown on line 0
[13-Jun-2018 13:16:03 UTC] PHP Warning:  PHP Startup: Unable to load dynamic library 'php_wincache.dll' (tried: ext\php_wincache.dll (Не найден указанный модуль.), ext\php_php_wincache.dll.dll (Не найден указанный модуль.)) in Unknown on line 0
